"../../../Engine/Content/EditorResources/S_Actor.uasset" 0
"../../../Engine/Content/EngineResources/AICON-Red.uasset" 1
"../../../Engine/Content/EngineResources/AICON-Green.uasset" 2
"../../../Engine/Content/EngineFonts/Roboto.uasset" 3
"../../../Engine/Content/Functions/Engine_MaterialFunctions01/Shading/PowerToRoughness.uasset" 4
"../../../Engine/Content/Functions/Engine_MaterialFunctions01/Shading/ConvertFromDiffSpec.uasset" 5
"../../../Engine/Content/EngineMaterials/DefaultDiffuse.uasset" 6
"../../../Engine/Content/EngineMaterials/DefaultDeferredDecalMaterial.uasset" 7
"../../../Engine/Content/EngineMaterials/DefaultLightFunctionMaterial.uasset" 8
"../../../Engine/Content/Functions/Engine_MaterialFunctions02/Utility/BreakOutFloat2Components.uasset" 9
"../../../Engine/Content/EngineMaterials/DefaultPostProcessMaterial.uasset" 10
"../../../Engine/Content/EngineResources/DefaultTexture.uasset" 11
"../../../Engine/Content/Functions/Engine_MaterialFunctions01/Texturing/ScaleUVsByCenter.uasset" 12
"../../../Engine/Content/Functions/Engine_MaterialFunctions02/ScreenResolution.uasset" 13
"../../../Engine/Content/Functions/Engine_MaterialFunctions02/Texturing/ScreenAlignedUVs.uasset" 14
"../../../Engine/Content/EngineResources/WhiteSquareTexture.uasset" 15
"../../../Engine/Content/EngineMaterials/Widget3DPassThrough.uasset" 16
"../../../Engine/Content/EngineMaterials/Widget3DPassThrough_Translucent.uasset" 17
"../../../Engine/Content/EngineMaterials/Widget3DPassThrough_Translucent_OneSided.uasset" 18
"../../../Engine/Content/EngineMaterials/Widget3DPassThrough_Opaque.uasset" 19
"../../../Engine/Content/EngineMaterials/Widget3DPassThrough_Opaque_OneSided.uasset" 20
"../../../Engine/Content/EngineMaterials/Widget3DPassThrough_Masked.uasset" 21
"../../../Engine/Content/EngineMaterials/Widget3DPassThrough_Masked_OneSided.uasset" 22
"../../../Engine/Content/Maps/Templates/Thumbnails/Default.uasset" 23
"../../../Engine/Content/Maps/Templates/Thumbnails/VR-Basic.uasset" 24
"../../../Engine/Content/EditorMaterials/ParticleSystems/PSysThumbnail_NoImage.uasset" 25
"../../../Engine/Content/EditorMaterials/ParticleSystems/PSysThumbnail_OOD.uasset" 26
"../../../Engine/Content/EditorLandscapeResources/DataLayer.uasset" 27
"../../../Engine/Content/EngineDamageTypes/DmgTypeBP_Environmental.uasset" 28
"../../../Engine/Content/EngineMeshes/Sphere.uasset" 29
"../../../Engine/Content/EngineFonts/RobotoDistanceField.uasset" 30
"../../../Engine/Content/EngineMaterials/DefaultTextMaterialOpaque.uasset" 31
"../../../Engine/Content/EditorResources/S_Trigger.uasset" 32
"../../../Engine/Content/EngineResources/GradientTexture0.uasset" 33
"../../../Engine/Content/EngineResources/Black.uasset" 34
"../../../Engine/Content/EditorMaterials/MatineeGroups/MAT_Groups_Float.uasset" 35
"../../../Engine/Content/EditorMaterials/MatineeGroups/MAT_Groups_Director.uasset" 36
"../../../Engine/Content/EditorMaterials/MatineeGroups/MAT_Groups_Event.uasset" 37
"../../../Engine/Content/EditorMaterials/MatineeGroups/MAT_Groups_Anim.uasset" 38
"../../../Engine/Content/EditorMaterials/MatineeGroups/MAT_Groups_Fade.uasset" 39
"../../../Engine/Content/EditorMaterials/MatineeGroups/MAT_Groups_Move.uasset" 40
"../../../Engine/Content/EditorMaterials/MatineeGroups/MAT_Groups_Slomo.uasset" 41
"../../../Engine/Content/EditorMaterials/MatineeGroups/MAT_ColorTrack.uasset" 42
"../../../Engine/Content/EditorMaterials/MAT_Groups_Toggle.uasset" 43
"../../../Engine/Content/EditorMaterials/MatineeGroups/MAT_Groups_AudioMaster.uasset" 44
"../../../Engine/Content/EditorMaterials/MatineeGroups/MAT_Groups_Sound.uasset" 45
"../../../Engine/Content/EditorMaterials/MatineeGroups/MAT_Groups_Vector.uasset" 46
"../../../Engine/Content/EditorMaterials/MAT_Groups_Visibility.uasset" 47
"../../../Engine/Content/EngineResources/DefaultTextureCube.uasset" 48
"../../../Engine/Content/Functions/Engine_MaterialFunctions01/Opacity/CameraDepthFade.uasset" 49
"../../../Engine/Content/EngineMaterials/T_Default_Material_Grid_M.uasset" 50
"../../../Engine/Content/EngineMaterials/T_Default_Material_Grid_N.uasset" 51
"../../../Engine/Content/EngineMaterials/DefaultMaterial.uasset" 52
"../../../Engine/Content/EngineMeshes/Cylinder.uasset" 53
"../../../Engine/Content/EngineTireTypes/DefaultTireType.uasset" 54
"../../../Engine/Content/EditorMaterials/Camera/CineMat.uasset" 55
"../../../Engine/Content/EditorMaterials/Camera/MI_CineMat_Rig.uasset" 56
"../../../Engine/Content/EditorMeshes/Camera/SM_CraneRig_Base.uasset" 57
"../../../Engine/Content/EditorMeshes/Camera/SM_CraneRig_Arm.uasset" 58
"../../../Engine/Content/EditorMeshes/Camera/SM_CraneRig_Mount.uasset" 59
"../../../Engine/Content/EditorMeshes/Camera/SM_CraneRig_Body.uasset" 60
"../../../Engine/Content/EditorMeshes/Camera/SM_RailRig_Track.uasset" 61
"../../../Engine/Content/EditorMeshes/Camera/SM_RailRig_Mount.uasset" 62
"../../../Engine/Content/VREditor/LaserPointer/VR_LaserPower_01.uasset" 63
"../../../Engine/Content/VREditor/TransformGizmo/TransformGizmoMaterial.uasset" 64
"../../../Engine/Content/VREditor/TransformGizmo/TranslucentTransformGizmoMaterial.uasset" 65
"../../../Engine/Content/VREditor/TransformGizmo/TranslationHandle.uasset" 66
"../../../Engine/Content/VREditor/TransformGizmo/PlaneTranslationHandle.uasset" 67
"../../../Engine/Content/VREditor/TransformGizmo/RotationHandle.uasset" 68
"../../../Engine/Content/VREditor/TransformGizmo/StretchingHandle.uasset" 69
"../../../Engine/Content/VREditor/TransformGizmo/BoundingBoxCorner.uasset" 70
"../../../Engine/Content/VREditor/TransformGizmo/BoundingBoxEdge.uasset" 71
"../../../Engine/Content/VREditor/TransformGizmo/UniformScaleHandle.uasset" 72
"../../../Engine/Content/VREditor/FloatingText/LineMaterial.uasset" 73
"../../../Engine/Content/VREditor/FloatingText/LineSegmentCylinder.uasset" 74
"../../../Engine/Content/VREditor/FloatingText/JointSphere.uasset" 75
"../../../Engine/Content/VREditor/Fonts/VRText_RobotoLarge.uasset" 76
"../../../Engine/Content/VREditor/Fonts/VRTextMaterial.uasset" 77
"../../../Engine/Content/VREditor/Fonts/TranslucentVRTextMaterial.uasset" 78
"../../../Engine/Content/VREditor/UI/SelectionBarMesh.uasset" 79
"../../../Engine/Content/VREditor/UI/CloseButtonMesh.uasset" 80
"../../../Engine/Content/Tutorial/ContentIntroCurve.uasset" 81
"../../../Engine/Plugins/2D/Paper2D/Content/PlaceholderTextures/DummySpriteTexture.uasset" 82
"../../../Engine/Plugins/2D/Paper2D/Content/DefaultSpriteMaterial.uasset" 83
"../../../Engine/Plugins/2D/Paper2D/Content/MaskedUnlitSpriteMaterial.uasset" 84
"../../../Engine/Plugins/2D/Paper2D/Content/OpaqueUnlitSpriteMaterial.uasset" 85
"../../../Engine/Plugins/2D/Paper2D/Content/DummySprite.uasset" 86
"../../../Engine/Plugins/2D/Paper2D/Content/DefaultPaperTerrainMaterial.uasset" 87
"../../../Engine/Content/EngineMaterials/RemoveSurfaceMaterial.uasset" 88
"../../../Engine/Content/EngineDebugMaterials/DebugMeshMaterial.uasset" 89
"../../../Engine/Content/EngineMaterials/InvalidLightmapSettings.uasset" 90
"../../../Engine/Content/EngineMaterials/M_InvalidLightmapSettings.uasset" 91
"../../../Engine/Content/EditorMaterials/GizmoMaterial.uasset" 92
"../../../Engine/Content/EngineMaterials/Good64x64TilingNoiseHighFreq.uasset" 93
"../../../Engine/Content/EngineMaterials/DefaultBokeh.uasset" 94
"../../../Engine/Content/EngineMaterials/PreintegratedSkinBRDF.uasset" 95
"../../../Engine/Content/EngineMaterials/MiniFont.uasset" 96
"../../../Engine/Content/EngineMaterials/WeightMapPlaceholderTexture.uasset" 97
"../../../Engine/Content/EngineMaterials/DefaultWhiteGrid.uasset" 98
"../../../Engine/Content/EngineMaterials/DefaultPhysicalMaterial.uasset" 99
"../../../Engine/Content/EngineFonts/RobotoTiny.uasset" 100
"../../../Engine/Content/EditorSounds/Notifications/CompileSuccess.uasset" 101
"../../../Engine/Content/EditorSounds/Notifications/CompileStart_Cue.uasset" 102
"../../../Engine/Content/EditorSounds/Notifications/CompileSuccess_Cue.uasset" 103
"../../../Engine/Content/EditorSounds/Notifications/CompileFailed.uasset" 104
"../../../Engine/Content/EditorSounds/Notifications/CompileFailed_Cue.uasset" 105
"../../../VFX/Content/StarterContent/Textures/T_Frame_N.uasset" 106
"../../../VFX/Content/StarterContent/Textures/T_Frame_M.uasset" 107
"../../../VFX/Content/StarterContent/Textures/T_Brick_Clay_New_M.uasset" 108
"../../../VFX/Content/StarterContent/Textures/T_CobbleStone_Smooth_M.uasset" 109
"../../../VFX/Content/StarterContent/Textures/T_Ceramic_Tile_M.uasset" 110
"../../../VFX/Content/StarterContent/Textures/T_Door_N.uasset" 111
"../../../VFX/Content/StarterContent/Textures/T_Wood_Oak_N.uasset" 112
"../../../VFX/Content/StarterContent/Textures/T_Wood_Floor_Walnut_D.uasset" 113
"../../../VFX/Content/StarterContent/Textures/T_Concrete_Poured_D.uasset" 114
"../../../VFX/Content/StarterContent/Textures/T_Rock_Basalt_D.uasset" 115
"../../../VFX/Content/StarterContent/Textures/T_Detail_Rocky_N.uasset" 116
"../../../VFX/Content/StarterContent/Textures/T_Tech_Panel_M.uasset" 117
"../../../VFX/Content/StarterContent/Textures/T_Ground_Grass_N.uasset" 118
"../../../VFX/Content/StarterContent/Textures/T_Metal_Rust_N.uasset" 119
"../../../VFX/Content/StarterContent/Textures/T_Wood_Pine_N.uasset" 120
"../../../VFX/Content/StarterContent/Textures/T_Bush_D.uasset" 121
"../../../VFX/Content/StarterContent/Textures/T_Chair_N.uasset" 122
"../../../VFX/Content/StarterContent/Textures/T_Concrete_Tiles_Variation_M.uasset" 123
"../../../VFX/Content/StarterContent/Textures/T_Metal_Gold_N.uasset" 124
"../../../Engine/Content/MobileResources/HUD/MobileHUDButton1_on.uasset" 125
"../../../VFX/Content/StarterContent/Textures/T_Statue_N.uasset" 126
"../../../VFX/Content/StarterContent/Textures/T_Brick_Hewn_Stone_M.uasset" 127
"../../../VFX/Content/StarterContent/Textures/T_Brick_Clay_Beveled_N.uasset" 128
"../../../VFX/Content/StarterContent/Textures/T_Shelf_N.uasset" 129
"../../../VFX/Content/StarterContent/Textures/T_RockMesh_M.uasset" 130
"../../../VFX/Content/StarterContent/Textures/T_CobbleStone_Rough_D.uasset" 131
"../../../VFX/Content/StarterContent/Textures/T_Tech_Panel_N.uasset" 132
"../../../VFX/Content/StarterContent/Textures/T_Wood_Pine_D.uasset" 133
"../../../VFX/Content/StarterContent/Textures/T_Tech_Dot_N.uasset" 134
"../../../VFX/Content/StarterContent/Textures/T_Wood_Walnut_D.uasset" 135
"../../../VFX/Content/Mannequin/Character/Mesh/UE4_Mannequin_Skeleton.uasset" 136
"../../../VFX/Content/Mannequin/Animations/ThirdPerson_Jump.uasset" 137
"../../../VFX/Content/Mannequin/Animations/ThirdPersonJump_Loop.uasset" 138
"../../../VFX/Content/Mannequin/Animations/ThirdPersonJump_Start.uasset" 139
"../../../VFX/Content/Mannequin/Animations/ThirdPersonIdle.uasset" 140
"../../../VFX/Content/Mannequin/Animations/ThirdPersonRun.uasset" 141
"../../../VFX/Content/Mannequin/Animations/ThirdPersonWalk.uasset" 142
"../../../VFX/Content/Mannequin/Animations/ThirdPerson_IdleRun_2D.uasset" 143
"../../../Engine/Content/EditorBlueprintResources/StandardMacros.uasset" 144
"../../../VFX/Content/Mannequin/Animations/ThirdPerson_AnimBP.uasset" 145
"../../../Engine/Content/Functions/Engine_MaterialFunctions02/Utility/BlendAngleCorrectedNormals.uasset" 146
"../../../Engine/Content/Functions/MaterialLayerFunctions/MatLayerBlend_NormalBlend.uasset" 147
"../../../Engine/Content/Functions/MaterialLayerFunctions/MatLayerBlend_Simple.uasset" 148
"../../../VFX/Content/Mannequin/Character/Materials/MaterialLayers/T_ML_Rubber_Blue_01_D.uasset" 149
"../../../VFX/Content/Mannequin/Character/Materials/MaterialLayers/T_ML_Rubber_Blue_01_N.uasset" 150
"../../../VFX/Content/Mannequin/Character/Materials/MaterialLayers/ML_GlossyBlack_Latex_UE4.uasset" 151
"../../../VFX/Content/Mannequin/Character/Materials/MaterialLayers/ML_Plastic_Shiny_Beige.uasset" 152
"../../../VFX/Content/Mannequin/Character/Textures/UE4_LOGO_CARD.uasset" 153
"../../../VFX/Content/Mannequin/Character/Materials/MaterialLayers/ML_Plastic_Shiny_Beige_LOGO.uasset" 154
"../../../VFX/Content/Mannequin/Character/Materials/MaterialLayers/T_ML_Aluminum01.uasset" 155
"../../../VFX/Content/Mannequin/Character/Materials/MaterialLayers/T_ML_Aluminum01_N.uasset" 156
"../../../VFX/Content/Mannequin/Character/Materials/MaterialLayers/ML_SoftMetal_UE4.uasset" 157
"../../../VFX/Content/Mannequin/Character/Textures/UE4_Mannequin__normals.uasset" 158
"../../../VFX/Content/Mannequin/Character/Textures/UE4_Mannequin_MAT_MASKA.uasset" 159
"../../../VFX/Content/Mannequin/Character/Materials/M_UE4Man_Body.uasset" 160
"../../../VFX/Content/Mannequin/Character/Textures/UE4Man_Logo_N.uasset" 161
"../../../VFX/Content/Mannequin/Character/Materials/M_UE4Man_ChestLogo.uasset" 162
"../../../VFX/Content/Mannequin/Character/Mesh/SK_Mannequin_PhysicsAsset.uasset" 163
"../../../VFX/Content/Mannequin/Character/Mesh/SK_Mannequin.uasset" 164
"../../../VFX/Content/ThirdPersonBP/Blueprints/ThirdPersonCharacter.uasset" 165
"../../../VFX/Content/ThirdPersonBP/Blueprints/ThirdPersonGameMode.uasset" 166
"../../../Engine/Content/MobileResources/HUD/VirtualJoystick_Background.uasset" 167
"../../../Engine/Content/MobileResources/HUD/VirtualJoystick_Thumb.uasset" 168
"../../../Engine/Content/MobileResources/HUD/LeftVirtualJoystickOnly.uasset" 169
"../../../VFX/Content/StarterContent/Textures/T_Brick_Cut_Stone_D.uasset" 170
"../../../VFX/Content/StarterContent/Textures/T_Rock_Slate_D.uasset" 171
"../../../VFX/Content/StarterContent/Textures/T_Brick_Clay_Beveled_M.uasset" 172
"../../../Engine/Content/MobileResources/HUD/MobileHUDDirectionPad.uasset" 173
"../../../Engine/Content/MobileResources/HUD/MobileHUDDirectionStick.uasset" 174
"../../../VFX/Content/StarterContent/Textures/T_Ground_Moss_N.uasset" 175
"../../../VFX/Content/StarterContent/Textures/T_CobbleStone_Smooth_D.uasset" 176
"../../../VFX/Content/StarterContent/Textures/T_Checker_Noise_M.uasset" 177
"../../../VFX/Content/StarterContent/Textures/T_Metal_Copper_D.uasset" 178
"../../../VFX/Content/StarterContent/Textures/T_RockMesh_N.uasset" 179
"../../../VFX/Content/StarterContent/Textures/T_Rock_Smooth_Granite_D.uasset" 180
"../../../VFX/Content/StarterContent/Textures/T_Metal_Aluminum_D.uasset" 181
"../../../VFX/Content/StarterContent/Textures/T_Concrete_Tiles_D.uasset" 182
"../../../VFX/Content/StarterContent/Textures/T_ground_Moss_D.uasset" 183
"../../../VFX/Content/StarterContent/Textures/T_Concrete_Panels_D.uasset" 184
"../../../VFX/Content/StarterContent/Textures/T_Metal_Steel_N.uasset" 185
"../../../Engine/Content/MobileResources/HUD/MobileHUDDirectionPad2.uasset" 186
"../../../VFX/Content/StarterContent/Textures/T_Brick_Clay_Old_D.uasset" 187
"../../../VFX/Content/StarterContent/Textures/T_Single_Tile_N.uasset" 188
"../../../VFX/Content/StarterContent/Textures/T_Rock_Marble_Polished_D.uasset" 189
"../../../Engine/Content/MobileResources/HUD/MobileHUDButtonFire.uasset" 190
"../../../VFX/Content/StarterContent/Textures/T_Metal_Gold_D.uasset" 191
"../../../VFX/Content/StarterContent/Textures/T_Concrete_Grime_D.uasset" 192
"../../../Engine/Content/MobileResources/T_MobileMenu2.uasset" 193
"../../../Engine/Content/MobileResources/HUD/DefaultVirtualJoysticks.uasset" 194
"../../../VFX/Content/StarterContent/Textures/T_Water_M.uasset" 195
"../../../VFX/Content/StarterContent/Textures/T_Tech_Hex_Tile_N.uasset" 196
"../../../VFX/Content/StarterContent/Textures/T_Metal_Rust_D.uasset" 197
"../../../Engine/Content/MobileResources/HUD/MobileHUDButton2_off.uasset" 198
"../../../Engine/Content/MobileResources/HUD/MobileHUDButton3.uasset" 199
"../../../VFX/Content/StarterContent/Textures/T_Brick_Clay_Old_N.uasset" 200
"../../../VFX/Content/StarterContent/Textures/T_Lamp_M.uasset" 201
"../../../VFX/Content/StarterContent/Textures/T_Wood_Oak_D.uasset" 202
"../../../VFX/Content/StarterContent/Textures/T_MacroVariation.uasset" 203
"../../../VFX/Content/StarterContent/Textures/T_Tech_Dot_M.uasset" 204
"../../../VFX/Content/StarterContent/Textures/T_TableRound_N.uasset" 205
"../../../VFX/Content/StarterContent/Textures/T_Wood_Floor_Walnut_N.uasset" 206
"../../../VFX/Content/StarterContent/Textures/T_Ground_Gravel_D.uasset" 207
"../../../Engine/Content/MobileResources/HUD/MobileHUDButton1_off.uasset" 208
"../../../VFX/Content/StarterContent/Textures/T_Bush_N.uasset" 209
"../../../VFX/Content/StarterContent/Textures/T_Burst_M.uasset" 210
"../../../VFX/Content/StarterContent/Particles/Materials/M_Burst.uasset" 211
"../../../VFX/Content/StarterContent/Textures/T_Explosion_SubUV.uasset" 212
"../../../VFX/Content/StarterContent/Particles/Materials/M_explosion_subUV.uasset" 213
"../../../VFX/Content/StarterContent/Particles/Materials/m_flare_01.uasset" 214
"../../../Engine/Content/Functions/Engine_MaterialFunctions01/Gradient/RadialGradient.uasset" 215
"../../../VFX/Content/StarterContent/Particles/Materials/M_radial_ramp.uasset" 216
"../../../VFX/Content/StarterContent/Textures/T_Smoke_SubUV.uasset" 217
"../../../VFX/Content/StarterContent/Textures/T_Smoke_Tiled_D.uasset" 218
"../../../VFX/Content/StarterContent/Particles/Materials/M_smoke_subUV.uasset" 219
"../../../VFX/Content/StarterContent/Particles/P_Explosion.uasset" 220
"../../../VFX/Content/StarterContent/Textures/T_Statue_M.uasset" 221
"../../../VFX/Content/StarterContent/Textures/T_Door_M.uasset" 222
"../../../VFX/Content/StarterContent/Textures/T_Fire_SubUV.uasset" 223
"../../../VFX/Content/StarterContent/Textures/T_Fire_Tiled_D.uasset" 224
"../../../VFX/Content/StarterContent/Particles/Materials/M_Fire_SubUV.uasset" 225
"../../../VFX/Content/StarterContent/Textures/T_Water_N.uasset" 226
"../../../VFX/Content/StarterContent/Particles/Materials/M_Heat_Distortion.uasset" 227
"../../../VFX/Content/StarterContent/Particles/Materials/M_Radial_Gradient.uasset" 228
"../../../VFX/Content/StarterContent/Particles/P_Fire.uasset" 229
"../../../Engine/Content/MobileResources/HUD/AnalogHat.uasset" 230
"../../../VFX/Content/StarterContent/Particles/P_Smoke.uasset" 231
"../../../VFX/Content/StarterContent/Textures/T_Chair_M.uasset" 232
"../../../VFX/Content/StarterContent/Textures/T_Ground_Grass_D.uasset" 233
"../../../VFX/Content/StarterContent/Textures/T_CobbleStone_Pebble_N.uasset" 234
"../../../VFX/Content/StarterContent/Textures/T_Brick_Clay_New_N.uasset" 235
"../../../VFX/Content/StarterContent/Textures/T_Brick_Clay_Beveled_D.uasset" 236
"../../../VFX/Content/StarterContent/Textures/T_Brick_Hewn_Stone_D.uasset" 237
"../../../VFX/Content/StarterContent/Textures/T_Ceramic_Tile_N.uasset" 238
"../../../VFX/Content/StarterContent/Textures/T_Dust_Particle_D.uasset" 239
"../../../VFX/Content/StarterContent/Particles/Materials/M_Dust_Particle.uasset" 240
"../../../VFX/Content/StarterContent/Particles/P_Ambient_Dust.uasset" 241
"../../../Engine/Content/MobileResources/HUD/MobileHUDButton2_on.uasset" 242
"../../../VFX/Content/StarterContent/Textures/T_Rock_Sandstone_N.uasset" 243
"../../../VFX/Content/StarterContent/Textures/T_Ground_Gravel_N.uasset" 244
"../../../VFX/Content/StarterContent/Textures/T_Concrete_Panels_N.uasset" 245
"../../../VFX/Content/StarterContent/Textures/T_Concrete_Tiles_N.uasset" 246
"../../../VFX/Content/StarterContent/Textures/T_Gradinet_01.uasset" 247
"../../../VFX/Content/StarterContent/Textures/T_Brick_Cut_Stone_N.uasset" 248
"../../../VFX/Content/StarterContent/Textures/T_TableRound_M.uasset" 249
"../../../VFX/Content/StarterContent/Textures/T_Lamp_N.uasset" 250
"../../../VFX/Content/StarterContent/Textures/T_Tech_Hex_Tile_M.uasset" 251
"../../../VFX/Content/StarterContent/Textures/T_Rock_Basalt_N.uasset" 252
"../../../VFX/Content/StarterContent/Particles/P_Steam_Lit.uasset" 253
"../../../VFX/Content/StarterContent/Textures/T_CobbleStone_Pebble_M.uasset" 254
"../../../VFX/Content/StarterContent/Textures/T_Wood_Floor_Walnut_M.uasset" 255
"../../../VFX/Content/StarterContent/Textures/T_CobbleStone_Smooth_N.uasset" 256
"../../../VFX/Content/StarterContent/Textures/T_Shelf_M.uasset" 257
"../../../Engine/Content/MobileResources/T_MobileControls_texture.uasset" 258
"../../../Engine/Content/MobileResources/HUD/T_Castle_ThumbstickInner.uasset" 259
"../../../Engine/Content/MobileResources/HUD/T_Castle_ThumbstickOutter.uasset" 260
"../../../VFX/Content/StarterContent/Textures/T_Rock_Slate_N.uasset" 261
"../../../VFX/Content/StarterContent/Textures/T_Brick_Hewn_Stone_N.uasset" 262
"../../../Engine/Content/MobileResources/HUD/MobileHUDDirectionPad3.uasset" 263
"../../../VFX/Content/StarterContent/Textures/T_Concrete_Tiles_M.uasset" 264
"../../../VFX/Content/StarterContent/Textures/T_Metal_Steel_D.uasset" 265
"../../../VFX/Content/StarterContent/Textures/T_Wood_Walnut_N.uasset" 266
"../../../VFX/Content/StarterContent/Textures/T_CobbleStone_Pebble_D.uasset" 267
"../../../Engine/Content/EditorResources/LightIcons/S_LightError.uasset" 268
"../../../Engine/Content/EditorResources/EmptyActor.uasset" 269
"../../../VFX/Content/StarterContent/Textures/T_Brick_Clay_New_D.uasset" 270
"../../../VFX/Content/StarterContent/Textures/T_CobbleStone_Rough_N.uasset" 271
"../../../VFX/Content/StarterContent/Textures/T_Rock_Sandstone_D.uasset" 272
"../../../VFX/Content/Geometry/Meshes/CubeMaterial.uasset" 273
"../../../VFX/Content/Geometry/Meshes/1M_Cube_Chamfer.uasset" 274
"../../../VFX/Content/Mannequin/Animations/ThirdPersonJump_End.uasset" 275
"../../../VFX/Content/StarterContent/Textures/T_Concrete_Poured_N.uasset" 276
"../../../VFX/Content/StarterContent/Textures/T_Perlin_Noise_M.uasset" 277
"../../../Engine/Content/BasicShapes/Cone.uasset" 278
"../../../Engine/Content/EngineMaterials/WorldGridMaterial.uasset" 279
"../../../Engine/Content/BasicShapes/Cube.uasset" 280
"../../../Engine/Content/BasicShapes/Cylinder.uasset" 281
"../../../Engine/Content/BasicShapes/Sphere.uasset" 282
"../../../Engine/Content/EditorMaterials/PhAT_JointLimitMaterial.uasset" 283
"../../../Engine/Content/EditorMaterials/PreviewShadowIndicator.uasset" 284
"../../../Engine/Content/EditorMaterials/PreviewShadowIndicatorMaterial.uasset" 285
"../../../Engine/Content/EditorResources/BSPVertex.uasset" 286
"../../../Engine/Content/EngineDebugMaterials/HeatmapGradient.uasset" 287
"../../../Engine/Content/EngineDebugMaterials/BoneWeightMaterial.uasset" 288
"../../../Engine/Content/EngineDebugMaterials/GeomMaterial.uasset" 289
"../../../Engine/Content/EngineMaterials/EditorBrushMaterial.uasset" 290
"../../../Engine/Content/EngineMeshes/Cube.uasset" 291
"../../../Engine/Content/Tutorial/Basics/TutorialAssets/icon_tab_Levels_40x.uasset" 292
"../../../Engine/Content/Tutorial/BlueprintTutorials/TutorialAssets/BlueprintInterface_64x.uasset" 293
"../../../Engine/Content/Tutorial/BlueprintTutorials/TutorialAssets/BlueprintMacroLibrary_64x.uasset" 294
"../../../Engine/Content/Tutorial/BlueprintTutorials/TutorialAssets/Blueprint_64x.uasset" 295
"../../../Engine/Content/Tutorial/BlueprintTutorials/TutorialAssets/Tutorial_BP_Interface.uasset" 296
"../../../Engine/Content/Tutorial/Foliage/TutorialAssets/Foliage.uasset" 297
"../../../Engine/Content/Tutorial/Landscape/TutorialAssets/Landscape.uasset" 298
"../../../Engine/Content/Tutorial/Paper2D/TutorialAssets/Paper2DFlipbook_TutorialIcon.uasset" 299
"../../../Engine/Content/Tutorial/Paper2D/TutorialAssets/Paper2DSprite_TutorialIcon.uasset" 300
"../../../Engine/Content/Tutorial/SubEditors/TutorialAssets/icon_Editor_Preferences_General_40x.uasset" 301
"../../../Engine/Content/Tutorial/SubEditors/TutorialAssets/icon_ShowSkeletalMeshes_40x.uasset" 302
"../../../Engine/Content/Tutorial/SubEditors/TutorialAssets/TutorialMaterial.uasset" 303
"../../../Engine/Content/Tutorial/SubEditors/TutorialAssets/T_SmokeSubUV_8X8.uasset" 304
"../../../Engine/Content/Tutorial/SubEditors/TutorialAssets/T_soft_smoke.uasset" 305
"../../../Engine/Content/Tutorial/SubEditors/TutorialAssets/M_smoke_subUV_blackbody.uasset" 306
"../../../Engine/Content/Tutorial/SubEditors/TutorialAssets/TutorialParticleSystem.uasset" 307
"../../../Engine/Content/EditorMeshes/EditorCube.uasset" 308
"../../../Engine/Content/Tutorial/SubEditors/TutorialAssets/Tutorial_DM.uasset" 309
"../../../Engine/Content/EngineSky/C_Sky_Cloud_Color.uasset" 310
"../../../Engine/Content/EngineSky/C_Sky_Horizon_Color.uasset" 311
"../../../Engine/Content/EngineSky/C_Sky_Zenith_Color.uasset" 312
"../../../Engine/Content/EngineSky/T_Sky_Blue.uasset" 313
"../../../Engine/Content/EngineSky/T_Sky_Clouds_M.uasset" 314
"../../../Engine/Content/EngineSky/T_Sky_Stars.uasset" 315
"../../../Engine/Content/EngineSky/M_Sky_Panning_Clouds2.uasset" 316
"../../../Engine/Content/EngineSky/SM_SkySphere.uasset" 317
"../../../Engine/Content/EngineSky/BP_Sky_Sphere.uasset" 318
"../../../Engine/Content/Functions/Engine_MaterialFunctions03/Procedurals/ComputeFilterWidth.uasset" 319
"../../../Engine/Content/EngineMaterials/AntiAliasedTextMaterialTranslucent.uasset" 320
"../../../VFX/Content/VFX/Material/MAT_ValueSphereMasters.uasset" 321
"../../../VFX/Content/VFX/Material/MAT_ValueSphereMasters_Inst.uasset" 322
"../../../VFX/Content/Geometry/Meshes/1M_Cube.uasset" 323
"../../../VFX/Content/Geometry/Meshes/TemplateFloor.uasset" 324
"../../../VFX/Content/StarterContent/Textures/T_Spark_Core.uasset" 325
"../../../VFX/Content/StarterContent/Particles/Materials/M_Spark.uasset" 326
"../../../VFX/Content/StarterContent/Particles/P_Sparks.uasset" 327
"../../../VFX/Content/ThirdPerson/Meshes/RampMaterial.uasset" 328
"../../../VFX/Content/ThirdPerson/Meshes/Bump_StaticMesh.uasset" 329
"../../../VFX/Content/ThirdPerson/Meshes/LeftArm_StaticMesh.uasset" 330
"../../../VFX/Content/ThirdPerson/Meshes/Linear_Stair_StaticMesh.uasset" 331
"../../../VFX/Content/ThirdPerson/Meshes/Ramp_StaticMesh.uasset" 332
"../../../VFX/Content/ThirdPerson/Meshes/RightArm_StaticMesh.uasset" 333
"../../../VFX/Content/ThirdPersonBP/Maps/ThirdPersonExampleMap.umap" 334
"../../../Engine/Content/EngineMaterials/DefaultNormal.uasset" 335
"../../../Engine/Content/Maps/Entry.umap" 336
